<?xml version="1.0" encoding="UTF-8"?>
<!-- Generated by org.testng.reporters.JUnitReportReporter -->
<testsuite hostname="TTPL-LNV-0159" failures="0" tests="1" name="Evzin_ProviderPortal.RPM.AddMember" time="8.734" errors="0" timestamp="2024-11-19T18:46:03 IST" skipped="0">
  <testcase classname="Evzin_ProviderPortal.RPM.AddMember" name="addmember" time="8.734"/>
  <system-out/>
</testsuite> <!-- Evzin_ProviderPortal.RPM.AddMember -->
