<?xml version="1.0" encoding="UTF-8"?>
<!-- Generated by org.testng.reporters.JUnitReportReporter -->
<testsuite hostname="TTPL-LNV-0159" failures="0" tests="1" name="Evzin_Manos.RPM.Login" time="0.697" errors="0" timestamp="2024-10-28T16:41:58 IST" skipped="0">
  <testcase classname="Evzin_Manos.RPM.Login" name="testlogin" time="0.697"/>
  <system-out/>
</testsuite> <!-- Evzin_Manos.RPM.Login -->
