<?xml version="1.0" encoding="UTF-8"?>
<!-- Generated by org.testng.reporters.JUnitReportReporter -->
<testsuite hostname="TTPL-LNV-0159" failures="0" tests="7" name="Evzin_Manos.RPM.AddProviderGroup" time="30.717" errors="0" timestamp="2024-11-16T20:19:00 IST" skipped="0">
  <testcase classname="Evzin_Manos.RPM.AddProviderGroup" name="testlogin" time="0.663"/>
  <system-out/>
  <testcase classname="Evzin_Manos.RPM.AddProviderGroup" name="ProviderGroup" time="14.348"/>
  <system-out/>
  <testcase classname="Evzin_Manos.RPM.AddProviderGroup" name="ClickHospital" time="1.021"/>
  <system-out/>
  <testcase classname="Evzin_Manos.RPM.AddProviderGroup" name="ClickProviders" time="0.716"/>
  <system-out/>
  <testcase classname="Evzin_Manos.RPM.AddProviderGroup" name="AddProviderUserbutton" time="0.230"/>
  <system-out/>
  <testcase classname="Evzin_Manos.RPM.AddProviderGroup" name="AddProviderUser" time="13.151"/>
  <system-out/>
  <testcase classname="Evzin_Manos.RPM.AddProviderGroup" name="testlogout" time="0.588"/>
  <system-out/>
</testsuite> <!-- Evzin_Manos.RPM.AddProviderGroup -->
