<?xml version="1.0" encoding="UTF-8"?>
<!-- Generated by org.testng.reporters.JUnitReportReporter -->
<testsuite hostname="TTPL-LNV-0159" failures="0" tests="6" name="Evzin_AdminPortal.RPM.AddDevice" time="5.220" errors="0" timestamp="2024-11-19T19:31:30 IST" skipped="0">
  <testcase classname="Evzin_AdminPortal.RPM.AddDevice" name="testlogin" time="0.531"/>
  <system-out/>
  <testcase classname="Evzin_AdminPortal.RPM.AddDevice" name="ClickHospital" time="2.313"/>
  <system-out/>
  <testcase classname="Evzin_AdminPortal.RPM.AddDevice" name="ClickDevice" time="0.328"/>
  <system-out/>
  <testcase classname="Evzin_AdminPortal.RPM.AddDevice" name="AddDevicebutton" time="0.191"/>
  <system-out/>
  <testcase classname="Evzin_AdminPortal.RPM.AddDevice" name="Adddeviceform" time="0.995"/>
  <system-out/>
  <testcase classname="Evzin_AdminPortal.RPM.AddDevice" name="testlogout" time="0.862"/>
  <system-out/>
</testsuite> <!-- Evzin_AdminPortal.RPM.AddDevice -->
