<?xml version="1.0" encoding="UTF-8"?>
<!-- Generated by org.testng.reporters.JUnitReportReporter -->
<testsuite hostname="TTPL-LNV-0159" failures="0" tests="2" name="Evzin_AdminPortal.RPM.Authentication" time="2.362" errors="0" timestamp="2024-11-19T15:16:16 IST" skipped="0">
  <testcase classname="Evzin_AdminPortal.RPM.Authentication" name="testlogin" time="0.494"/>
  <system-out/>
  <testcase classname="Evzin_AdminPortal.RPM.Authentication" name="testlogout" time="1.868"/>
  <system-out/>
</testsuite> <!-- Evzin_AdminPortal.RPM.Authentication -->
